<?xml version="1.0" encoding="UTF-8" ?>
<testsuite tests="18" failures="0" name="baza.slodycz.SlodyczTest" time="0.009" errors="0" skipped="0">
  <properties>
    <property name="java.runtime.name" value="Java(TM) SE Runtime Environment"/>
    <property name="java.vm.version" value="13+33"/>
    <property name="sun.boot.library.path" value="C:\Program Files\Java\jdk-13\bin"/>
    <property name="maven.multiModuleProjectDirectory" value="F:\TAU SEM VII\TAU-12C-Repozytorium"/>
    <property name="java.vm.vendor" value="Oracle Corporation"/>
    <property name="java.vendor.url" value="https://java.oracle.com/"/>
    <property name="guice.disable.misplaced.annotation.check" value="true"/>
    <property name="path.separator" value=";"/>
    <property name="java.vm.name" value="Java HotSpot(TM) 64-Bit Server VM"/>
    <property name="sun.os.patch.level" value=""/>
    <property name="user.script" value=""/>
    <property name="user.country" value="PL"/>
    <property name="sun.java.launcher" value="SUN_STANDARD"/>
    <property name="java.vm.specification.name" value="Java Virtual Machine Specification"/>
    <property name="user.dir" value="F:\TAU SEM VII\TAU-12C-Repozytorium"/>
    <property name="java.vm.compressedOopsMode" value="Zero based"/>
    <property name="java.runtime.version" value="13+33"/>
    <property name="os.arch" value="amd64"/>
    <property name="java.io.tmpdir" value="C:\Users\pawel\AppData\Local\Temp\"/>
    <property name="line.separator" value="
"/>
    <property name="java.vm.specification.vendor" value="Oracle Corporation"/>
    <property name="user.variant" value=""/>
    <property name="os.name" value="Windows 10"/>
    <property name="classworlds.conf" value="C:\Program Files\Appache\apache-maven-3.6.2\bin\..\bin\m2.conf"/>
    <property name="sun.jnu.encoding" value="Cp1250"/>
    <property name="java.library.path" value="C:\Program Files\Java\jdk-13\bin;C:\Windows\Sun\Java\bin;C:\Windows\system32;C:\Windows;C:\Program Files (x86)\Intel\iCLS Client\;C:\Program Files\Intel\iCLS Client\;C:\Windows\system32;C:\Windows;C:\Windows\System32\Wbem;C:\Windows\System32\WindowsPowerShell\v1.0\;C:\Windows\System32\OpenSSH\;C:\Program Files\dotnet\;C:\Program Files\Microsoft SQL Server\130\Tools\Binn\;C:\Program Files\Microsoft SQL Server\Client SDK\ODBC\170\Tools\Binn\;C:\Program Files\Microsoft SQL Server\Client SDK\ODBC\130\Tools\Binn\;C:\Program Files (x86)\Microsoft SQL Server\140\Tools\Binn\;C:\Program Files\Microsoft SQL Server\140\Tools\Binn\;C:\Program Files\Microsoft SQL Server\140\DTS\Binn\;C:\Program Files (x86)\Intel\Intel(R) Management Engine Components\DAL;C:\Program Files\Intel\Intel(R) Management Engine Components\DAL;C:\Program Files (x86)\Intel\Intel(R) Management Engine Components\IPT;C:\Program Files\Intel\Intel(R) Management Engine Components\IPT;C:\Program Files (x86)\Microsoft SQL Server\150\DTS\Binn\;C:\Program Files\Git\cmd;C:\Program Files (x86)\GitExtensions\;C:\Users\pawel\AppData\Local\Microsoft\WindowsApps;C:\Users\pawel\AppData\Local\GitHubDesktop\bin;C:\Program Files\JetBrains\IntelliJ IDEA 2019.1.3\bin;C:\Users\pawel\AppData\Local\Programs\Microsoft VS Code\bin;C:\Program Files\Appache\apache-maven-3.6.2\bin;."/>
    <property name="maven.conf" value="C:\Program Files\Appache\apache-maven-3.6.2\bin\../conf"/>
    <property name="jdk.debug" value="release"/>
    <property name="java.class.version" value="57.0"/>
    <property name="java.specification.name" value="Java Platform API Specification"/>
    <property name="sun.management.compiler" value="HotSpot 64-Bit Tiered Compilers"/>
    <property name="os.version" value="10.0"/>
    <property name="library.jansi.path" value="C:\Program Files\Appache\apache-maven-3.6.2\bin\..\lib\jansi-native"/>
    <property name="user.home" value="C:\Users\pawel"/>
    <property name="user.timezone" value="Europe/Warsaw"/>
    <property name="file.encoding" value="Cp1250"/>
    <property name="java.specification.version" value="13"/>
    <property name="user.name" value="pawel"/>
    <property name="java.class.path" value="C:\Program Files\Appache\apache-maven-3.6.2\bin\..\boot\plexus-classworlds-2.6.0.jar"/>
    <property name="java.vm.specification.version" value="13"/>
    <property name="sun.arch.data.model" value="64"/>
    <property name="sun.java.command" value="org.codehaus.plexus.classworlds.launcher.Launcher test"/>
    <property name="java.home" value="C:\Program Files\Java\jdk-13"/>
    <property name="user.language" value="pl"/>
    <property name="java.specification.vendor" value="Oracle Corporation"/>
    <property name="java.vm.info" value="mixed mode, sharing"/>
    <property name="java.version" value="13"/>
    <property name="java.vendor" value="Oracle Corporation"/>
    <property name="sun.stderr.encoding" value="cp852"/>
    <property name="maven.home" value="C:\Program Files\Appache\apache-maven-3.6.2\bin\.."/>
    <property name="file.separator" value="\"/>
    <property name="java.version.date" value="2019-09-17"/>
    <property name="java.vendor.url.bug" value="https://bugreport.java.com/bugreport/"/>
    <property name="sun.io.unicode.encoding" value="UnicodeLittle"/>
    <property name="sun.cpu.endian" value="little"/>
    <property name="sun.stdout.encoding" value="cp852"/>
    <property name="sun.cpu.isalist" value="amd64"/>
  </properties>
  <testcase classname="baza.slodycz.SlodyczTest" name="deleteSlodyczTest" time="0.004"/>
  <testcase classname="baza.slodycz.SlodyczTest" name="changeSlodyczAssertDescriptionWithNoObjectTest" time="0"/>
  <testcase classname="baza.slodycz.SlodyczTest" name="createSingleObjectTest" time="0.001"/>
  <testcase classname="baza.slodycz.SlodyczTest" name="getSingleObjectTest" time="0.001"/>
  <testcase classname="baza.slodycz.SlodyczTest" name="renameSlodyczAssertNazwaTest" time="0"/>
  <testcase classname="baza.slodycz.SlodyczTest" name="deleteSlodyczAssertTest" time="0.001"/>
  <testcase classname="baza.slodycz.SlodyczTest" name="createObjectTest" time="0"/>
  <testcase classname="baza.slodycz.SlodyczTest" name="renameSlodyczAssertOpisTest" time="0"/>
  <testcase classname="baza.slodycz.SlodyczTest" name="createSingleSlodyczTest" time="0"/>
  <testcase classname="baza.slodycz.SlodyczTest" name="changeSlodyczAssertIdTest" time="0.001"/>
  <testcase classname="baza.slodycz.SlodyczTest" name="renameSlodyczNullOpisTest" time="0"/>
  <testcase classname="baza.slodycz.SlodyczTest" name="changeSlodyczAssertNameWithNoObjectTest" time="0"/>
  <testcase classname="baza.slodycz.SlodyczTest" name="renameSlodyczNazwaNullTest" time="0.001"/>
  <testcase classname="baza.slodycz.SlodyczTest" name="addEmptyObjectToDatabase" time="0"/>
  <testcase classname="baza.slodycz.SlodyczTest" name="addObjectToDatabase" time="0"/>
  <testcase classname="baza.slodycz.SlodyczTest" name="changeSlodyczAssertIdWithNoObjectTest" time="0"/>
  <testcase classname="baza.slodycz.SlodyczTest" name="deletesingleSlodyczTest" time="0"/>
  <testcase classname="baza.slodycz.SlodyczTest" name="getListOfObjectsFromDatabaseNotNullTest" time="0"/>
</testsuite>