<?xml version="1.0" encoding="UTF-8" ?>
<testsuite tests="14" failures="0" name="baza.slodycz.SlodyczTest" time="0.003" errors="0" skipped="0">
  <properties>
    <property name="java.runtime.name" value="Java(TM) SE Runtime Environment"/>
    <property name="sun.boot.library.path" value="C:\Program Files (x86)\Java\jre1.8.0_31\bin"/>
    <property name="java.vm.version" value="25.31-b07"/>
    <property name="java.vm.vendor" value="Oracle Corporation"/>
    <property name="maven.multiModuleProjectDirectory" value="F:\TAU SEM VII\TAU-12C-Repozytorium"/>
    <property name="java.vendor.url" value="http://java.oracle.com/"/>
    <property name="path.separator" value=";"/>
    <property name="guice.disable.misplaced.annotation.check" value="true"/>
    <property name="java.vm.name" value="Java HotSpot(TM) Client VM"/>
    <property name="file.encoding.pkg" value="sun.io"/>
    <property name="user.script" value=""/>
    <property name="user.country" value="PL"/>
    <property name="sun.java.launcher" value="SUN_STANDARD"/>
    <property name="sun.os.patch.level" value=""/>
    <property name="java.vm.specification.name" value="Java Virtual Machine Specification"/>
    <property name="user.dir" value="F:\TAU SEM VII\TAU-12C-Repozytorium"/>
    <property name="java.runtime.version" value="1.8.0_31-b13"/>
    <property name="java.awt.graphicsenv" value="sun.awt.Win32GraphicsEnvironment"/>
    <property name="java.endorsed.dirs" value="C:\Program Files (x86)\Java\jre1.8.0_31\lib\endorsed"/>
    <property name="os.arch" value="x86"/>
    <property name="java.io.tmpdir" value="C:\Users\pawel\AppData\Local\Temp\"/>
    <property name="line.separator" value="
"/>
    <property name="java.vm.specification.vendor" value="Oracle Corporation"/>
    <property name="user.variant" value=""/>
    <property name="os.name" value="Windows 8.1"/>
    <property name="classworlds.conf" value="C:\Program Files\Appache\apache-maven-3.6.2\bin\..\bin\m2.conf"/>
    <property name="sun.jnu.encoding" value="Cp1250"/>
    <property name="java.library.path" value="C:\Program Files (x86)\Java\jre1.8.0_31\bin;C:\Windows\Sun\Java\bin;C:\Windows\system32;C:\Windows;C:\Program Files\JetBrains\IntelliJ IDEA 2019.1.3\jre64\\bin;C:\Program Files\JetBrains\IntelliJ IDEA 2019.1.3\jre64\\bin\server;C:\ProgramData\Oracle\Java\javapath;C:\Program Files (x86)\Intel\iCLS Client\;C:\Program Files\Intel\iCLS Client\;C:\Windows\system32;C:\Windows;C:\Windows\System32\Wbem;C:\Windows\System32\WindowsPowerShell\v1.0\;C:\Windows\System32\OpenSSH\;C:\Program Files\dotnet\;C:\Program Files\Microsoft SQL Server\130\Tools\Binn\;C:\Program Files\Microsoft SQL Server\Client SDK\ODBC\170\Tools\Binn\;C:\Program Files\Microsoft SQL Server\Client SDK\ODBC\130\Tools\Binn\;C:\Program Files (x86)\Microsoft SQL Server\140\Tools\Binn\;C:\Program Files\Microsoft SQL Server\140\Tools\Binn\;C:\Program Files\Microsoft SQL Server\140\DTS\Binn\;C:\Program Files (x86)\Intel\Intel(R) Management Engine Components\DAL;C:\Program Files\Intel\Intel(R) Management Engine Components\DAL;C:\Program Files (x86)\Intel\Intel(R) Management Engine Components\IPT;C:\Program Files\Intel\Intel(R) Management Engine Components\IPT;C:\Program Files (x86)\Microsoft SQL Server\150\DTS\Binn\;C:\Program Files\Git\cmd;C:\Program Files (x86)\GitExtensions\;C:\Users\pawel\AppData\Local\Microsoft\WindowsApps;C:\Users\pawel\AppData\Local\GitHubDesktop\bin;C:\Program Files\JetBrains\IntelliJ IDEA 2019.1.3\bin;;C:\Users\pawel\AppData\Local\Programs\Microsoft VS Code\bin;C:\Program Files\Appache\apache-maven-3.6.2\bin;;."/>
    <property name="maven.conf" value="C:\Program Files\Appache\apache-maven-3.6.2\bin\../conf"/>
    <property name="java.specification.name" value="Java Platform API Specification"/>
    <property name="java.class.version" value="52.0"/>
    <property name="sun.management.compiler" value="HotSpot Client Compiler"/>
    <property name="os.version" value="6.3"/>
    <property name="library.jansi.path" value="C:\Program Files\Appache\apache-maven-3.6.2\bin\..\lib\jansi-native"/>
    <property name="user.home" value="C:\Users\pawel"/>
    <property name="user.timezone" value="Europe/Belgrade"/>
    <property name="java.awt.printerjob" value="sun.awt.windows.WPrinterJob"/>
    <property name="java.specification.version" value="1.8"/>
    <property name="file.encoding" value="Cp1250"/>
    <property name="user.name" value="pawel"/>
    <property name="java.class.path" value="C:\Program Files\Appache\apache-maven-3.6.2\bin\..\boot\plexus-classworlds-2.6.0.jar"/>
    <property name="java.vm.specification.version" value="1.8"/>
    <property name="sun.arch.data.model" value="32"/>
    <property name="java.home" value="C:\Program Files (x86)\Java\jre1.8.0_31"/>
    <property name="sun.java.command" value="org.codehaus.plexus.classworlds.launcher.Launcher package"/>
    <property name="java.specification.vendor" value="Oracle Corporation"/>
    <property name="user.language" value="pl"/>
    <property name="awt.toolkit" value="sun.awt.windows.WToolkit"/>
    <property name="java.vm.info" value="mixed mode, sharing"/>
    <property name="java.version" value="1.8.0_31"/>
    <property name="java.ext.dirs" value="C:\Program Files (x86)\Java\jre1.8.0_31\lib\ext;C:\Windows\Sun\Java\lib\ext"/>
    <property name="sun.boot.class.path" value="C:\Program Files (x86)\Java\jre1.8.0_31\lib\resources.jar;C:\Program Files (x86)\Java\jre1.8.0_31\lib\rt.jar;C:\Program Files (x86)\Java\jre1.8.0_31\lib\sunrsasign.jar;C:\Program Files (x86)\Java\jre1.8.0_31\lib\jsse.jar;C:\Program Files (x86)\Java\jre1.8.0_31\lib\jce.jar;C:\Program Files (x86)\Java\jre1.8.0_31\lib\charsets.jar;C:\Program Files (x86)\Java\jre1.8.0_31\lib\jfr.jar;C:\Program Files (x86)\Java\jre1.8.0_31\classes"/>
    <property name="sun.stderr.encoding" value="cp852"/>
    <property name="java.vendor" value="Oracle Corporation"/>
    <property name="maven.home" value="C:\Program Files\Appache\apache-maven-3.6.2\bin\.."/>
    <property name="file.separator" value="\"/>
    <property name="java.vendor.url.bug" value="http://bugreport.sun.com/bugreport/"/>
    <property name="sun.cpu.endian" value="little"/>
    <property name="sun.io.unicode.encoding" value="UnicodeLittle"/>
    <property name="sun.stdout.encoding" value="cp852"/>
    <property name="sun.desktop" value="windows"/>
    <property name="sun.cpu.isalist" value="pentium_pro+mmx pentium_pro pentium+mmx pentium i486 i386 i86"/>
  </properties>
  <testcase classname="baza.slodycz.SlodyczTest" name="renameNullOpisTest" time="0.001"/>
  <testcase classname="baza.slodycz.SlodyczTest" name="changeSlodyczAssertDescriptionWithNoObjectTest" time="0"/>
  <testcase classname="baza.slodycz.SlodyczTest" name="deleteNullSlodyczTest" time="0"/>
  <testcase classname="baza.slodycz.SlodyczTest" name="createSingleObjectTest" time="0.001"/>
  <testcase classname="baza.slodycz.SlodyczTest" name="createObjectTest" time="0"/>
  <testcase classname="baza.slodycz.SlodyczTest" name="createSingleSlodyczTest" time="0.001"/>
  <testcase classname="baza.slodycz.SlodyczTest" name="changeSlodyczAssertIdTest" time="0"/>
  <testcase classname="baza.slodycz.SlodyczTest" name="changeSlodyczAssertNameWithNoObjectTest" time="0"/>
  <testcase classname="baza.slodycz.SlodyczTest" name="addEmptyObjectToDatabase" time="0"/>
  <testcase classname="baza.slodycz.SlodyczTest" name="addObjectToDatabase" time="0"/>
  <testcase classname="baza.slodycz.SlodyczTest" name="renameAssertNazwaTest" time="0"/>
  <testcase classname="baza.slodycz.SlodyczTest" name="changeSlodyczAssertIdWithNoObjectTest" time="0"/>
  <testcase classname="baza.slodycz.SlodyczTest" name="renameAssertOpisTest" time="0"/>
  <testcase classname="baza.slodycz.SlodyczTest" name="renameNazwaNullTest" time="0"/>
</testsuite>